<?xml version="1.0" encoding="UTF-8"?>
<!-- Generated by org.testng.reporters.JUnitReportReporter -->
<testsuite hostname="INHYNMKORUKON01" failures="0" tests="1" name="tests.ApproveandReject" time="61.968" errors="0" timestamp="2022-04-20T18:02:13 IST" skipped="0">
  <testcase classname="tests.ApproveandReject" name="Test" time="61.968"/>
  <system-out/>
</testsuite> <!-- tests.ApproveandReject -->
