<?xml version="1.0" encoding="UTF-8"?>
<!-- Generated by org.testng.reporters.JUnitReportReporter -->
<testsuite hostname="INHYNMKORUKON01" failures="0" tests="1" name="tests.UnattachedExpense" time="47.429" errors="0" timestamp="2023-07-12T00:35:27 IST" skipped="0">
  <testcase classname="tests.UnattachedExpense" name="dotest" time="47.429"/>
  <system-out/>
</testsuite> <!-- tests.UnattachedExpense -->
