<?xml version="1.0" encoding="UTF-8"?>
<!-- Generated by org.testng.reporters.JUnitReportReporter -->
<testsuite hostname="INHYNMKORUKON01" failures="0" tests="1" name="tests.UnattachedReceipt" time="46.772" errors="0" timestamp="2023-07-12T14:59:33 IST" skipped="0">
  <testcase classname="tests.UnattachedReceipt" name="dotest" time="46.772"/>
  <system-out/>
</testsuite> <!-- tests.UnattachedReceipt -->
