<?xml version="1.0" encoding="UTF-8"?>
<!-- Generated by org.testng.reporters.JUnitReportReporter -->
<testsuite hostname="INHYNMKORUKON01" failures="0" tests="1" name="tests.BaseClass" time="0.012" errors="0" timestamp="2022-04-13T14:05:53 IST" skipped="0">
  <testcase classname="tests.BaseClass" name="sampleTest" time="0.012"/>
  <system-out/>
</testsuite> <!-- tests.BaseClass -->
