<?xml version="1.0" encoding="UTF-8"?>
<testsuite xmlns:xsi="http://www.w3.org/2001/XMLSchema-instance" xsi:noNamespaceSchemaLocation="https://maven.apache.org/surefire/maven-surefire-plugin/xsd/surefire-test-report.xsd" name="TestSuite" time="192.413" tests="5" errors="0" skipped="0" failures="1">
  <properties>
    <property name="sun.desktop" value="windows"/>
    <property name="awt.toolkit" value="sun.awt.windows.WToolkit"/>
    <property name="java.specification.version" value="1.8"/>
    <property name="file.encoding.pkg" value="sun.io"/>
    <property name="sun.cpu.isalist" value="amd64"/>
    <property name="sun.jnu.encoding" value="Cp1252"/>
    <property name="java.class.path" value="C:\Users\mkorukonda\eclipse-workspace\XMNativeAppProject\target\test-classes;C:\Users\mkorukonda\eclipse-workspace\XMNativeAppProject\target\classes;C:\Users\mkorukonda\.m2\repository\org\seleniumhq\selenium\selenium-java\4.1.2\selenium-java-4.1.2.jar;C:\Users\mkorukonda\.m2\repository\org\seleniumhq\selenium\selenium-api\4.1.2\selenium-api-4.1.2.jar;C:\Users\mkorukonda\.m2\repository\org\seleniumhq\selenium\selenium-chrome-driver\4.1.2\selenium-chrome-driver-4.1.2.jar;C:\Users\mkorukonda\.m2\repository\com\google\auto\service\auto-service-annotations\1.0.1\auto-service-annotations-1.0.1.jar;C:\Users\mkorukonda\.m2\repository\com\google\auto\service\auto-service\1.0.1\auto-service-1.0.1.jar;C:\Users\mkorukonda\.m2\repository\com\google\auto\auto-common\1.2\auto-common-1.2.jar;C:\Users\mkorukonda\.m2\repository\com\google\guava\guava\31.0.1-jre\guava-31.0.1-jre.jar;C:\Users\mkorukonda\.m2\repository\com\google\guava\failureaccess\1.0.1\failureaccess-1.0.1.jar;C:\Users\mkorukonda\.m2\repository\com\google\guava\listenablefuture\9999.0-empty-to-avoid-conflict-with-guava\listenablefuture-9999.0-empty-to-avoid-conflict-with-guava.jar;C:\Users\mkorukonda\.m2\repository\org\checkerframework\checker-qual\3.12.0\checker-qual-3.12.0.jar;C:\Users\mkorukonda\.m2\repository\com\google\errorprone\error_prone_annotations\2.7.1\error_prone_annotations-2.7.1.jar;C:\Users\mkorukonda\.m2\repository\com\google\j2objc\j2objc-annotations\1.3\j2objc-annotations-1.3.jar;C:\Users\mkorukonda\.m2\repository\org\seleniumhq\selenium\selenium-chromium-driver\4.1.2\selenium-chromium-driver-4.1.2.jar;C:\Users\mkorukonda\.m2\repository\org\seleniumhq\selenium\selenium-json\4.1.2\selenium-json-4.1.2.jar;C:\Users\mkorukonda\.m2\repository\org\seleniumhq\selenium\selenium-devtools-v85\4.1.2\selenium-devtools-v85-4.1.2.jar;C:\Users\mkorukonda\.m2\repository\org\seleniumhq\selenium\selenium-devtools-v95\4.1.2\selenium-devtools-v95-4.1.2.jar;C:\Users\mkorukonda\.m2\repository\org\seleniumhq\selenium\selenium-devtools-v96\4.1.2\selenium-devtools-v96-4.1.2.jar;C:\Users\mkorukonda\.m2\repository\org\seleniumhq\selenium\selenium-devtools-v97\4.1.2\selenium-devtools-v97-4.1.2.jar;C:\Users\mkorukonda\.m2\repository\org\seleniumhq\selenium\selenium-edge-driver\4.1.2\selenium-edge-driver-4.1.2.jar;C:\Users\mkorukonda\.m2\repository\org\seleniumhq\selenium\selenium-firefox-driver\4.1.2\selenium-firefox-driver-4.1.2.jar;C:\Users\mkorukonda\.m2\repository\org\seleniumhq\selenium\selenium-firefox-xpi-driver\4.1.2\selenium-firefox-xpi-driver-4.1.2.jar;C:\Users\mkorukonda\.m2\repository\org\seleniumhq\selenium\selenium-ie-driver\4.1.2\selenium-ie-driver-4.1.2.jar;C:\Users\mkorukonda\.m2\repository\org\seleniumhq\selenium\selenium-opera-driver\4.1.2\selenium-opera-driver-4.1.2.jar;C:\Users\mkorukonda\.m2\repository\org\seleniumhq\selenium\selenium-remote-driver\4.1.2\selenium-remote-driver-4.1.2.jar;C:\Users\mkorukonda\.m2\repository\io\netty\netty-buffer\4.1.73.Final\netty-buffer-4.1.73.Final.jar;C:\Users\mkorukonda\.m2\repository\io\netty\netty-codec-http\4.1.73.Final\netty-codec-http-4.1.73.Final.jar;C:\Users\mkorukonda\.m2\repository\io\netty\netty-codec\4.1.73.Final\netty-codec-4.1.73.Final.jar;C:\Users\mkorukonda\.m2\repository\io\netty\netty-handler\4.1.73.Final\netty-handler-4.1.73.Final.jar;C:\Users\mkorukonda\.m2\repository\io\netty\netty-tcnative-classes\2.0.46.Final\netty-tcnative-classes-2.0.46.Final.jar;C:\Users\mkorukonda\.m2\repository\io\netty\netty-common\4.1.73.Final\netty-common-4.1.73.Final.jar;C:\Users\mkorukonda\.m2\repository\io\netty\netty-transport-classes-epoll\4.1.73.Final\netty-transport-classes-epoll-4.1.73.Final.jar;C:\Users\mkorukonda\.m2\repository\io\netty\netty-transport-classes-kqueue\4.1.73.Final\netty-transport-classes-kqueue-4.1.73.Final.jar;C:\Users\mkorukonda\.m2\repository\io\netty\netty-transport-native-epoll\4.1.73.Final\netty-transport-native-epoll-4.1.73.Final.jar;C:\Users\mkorukonda\.m2\repository\io\netty\netty-transport-native-kqueue\4.1.73.Final\netty-transport-native-kqueue-4.1.73.Final.jar;C:\Users\mkorukonda\.m2\repository\io\netty\netty-transport-native-unix-common\4.1.73.Final\netty-transport-native-unix-common-4.1.73.Final.jar;C:\Users\mkorukonda\.m2\repository\io\netty\netty-transport\4.1.73.Final\netty-transport-4.1.73.Final.jar;C:\Users\mkorukonda\.m2\repository\io\netty\netty-resolver\4.1.73.Final\netty-resolver-4.1.73.Final.jar;C:\Users\mkorukonda\.m2\repository\io\opentelemetry\opentelemetry-api\1.10.1\opentelemetry-api-1.10.1.jar;C:\Users\mkorukonda\.m2\repository\io\opentelemetry\opentelemetry-context\1.10.1\opentelemetry-context-1.10.1.jar;C:\Users\mkorukonda\.m2\repository\io\opentelemetry\opentelemetry-exporter-logging\1.10.1\opentelemetry-exporter-logging-1.10.1.jar;C:\Users\mkorukonda\.m2\repository\io\opentelemetry\opentelemetry-sdk-metrics\1.10.1-alpha\opentelemetry-sdk-metrics-1.10.1-alpha.jar;C:\Users\mkorukonda\.m2\repository\io\opentelemetry\opentelemetry-sdk-logs\1.10.1-alpha\opentelemetry-sdk-logs-1.10.1-alpha.jar;C:\Users\mkorukonda\.m2\repository\io\opentelemetry\opentelemetry-sdk-common\1.10.1\opentelemetry-sdk-common-1.10.1.jar;C:\Users\mkorukonda\.m2\repository\io\opentelemetry\opentelemetry-sdk-extension-autoconfigure-spi\1.10.1\opentelemetry-sdk-extension-autoconfigure-spi-1.10.1.jar;C:\Users\mkorukonda\.m2\repository\io\opentelemetry\opentelemetry-sdk-extension-autoconfigure\1.10.1-alpha\opentelemetry-sdk-extension-autoconfigure-1.10.1-alpha.jar;C:\Users\mkorukonda\.m2\repository\io\opentelemetry\opentelemetry-sdk-trace\1.10.1\opentelemetry-sdk-trace-1.10.1.jar;C:\Users\mkorukonda\.m2\repository\io\opentelemetry\opentelemetry-sdk\1.10.1\opentelemetry-sdk-1.10.1.jar;C:\Users\mkorukonda\.m2\repository\io\opentelemetry\opentelemetry-semconv\1.10.1-alpha\opentelemetry-semconv-1.10.1-alpha.jar;C:\Users\mkorukonda\.m2\repository\io\ous\jtoml\2.0.0\jtoml-2.0.0.jar;C:\Users\mkorukonda\.m2\repository\net\bytebuddy\byte-buddy\1.12.7\byte-buddy-1.12.7.jar;C:\Users\mkorukonda\.m2\repository\org\apache\commons\commons-exec\1.3\commons-exec-1.3.jar;C:\Users\mkorukonda\.m2\repository\org\asynchttpclient\async-http-client\2.12.3\async-http-client-2.12.3.jar;C:\Users\mkorukonda\.m2\repository\org\asynchttpclient\async-http-client-netty-utils\2.12.3\async-http-client-netty-utils-2.12.3.jar;C:\Users\mkorukonda\.m2\repository\io\netty\netty-codec-socks\4.1.60.Final\netty-codec-socks-4.1.60.Final.jar;C:\Users\mkorukonda\.m2\repository\io\netty\netty-handler-proxy\4.1.60.Final\netty-handler-proxy-4.1.60.Final.jar;C:\Users\mkorukonda\.m2\repository\io\netty\netty-transport-native-epoll\4.1.60.Final\netty-transport-native-epoll-4.1.60.Final-linux-x86_64.jar;C:\Users\mkorukonda\.m2\repository\io\netty\netty-transport-native-kqueue\4.1.60.Final\netty-transport-native-kqueue-4.1.60.Final-osx-x86_64.jar;C:\Users\mkorukonda\.m2\repository\com\typesafe\netty\netty-reactive-streams\2.0.4\netty-reactive-streams-2.0.4.jar;C:\Users\mkorukonda\.m2\repository\com\sun\activation\jakarta.activation\1.2.2\jakarta.activation-1.2.2.jar;C:\Users\mkorukonda\.m2\repository\org\seleniumhq\selenium\selenium-http\4.1.2\selenium-http-4.1.2.jar;C:\Users\mkorukonda\.m2\repository\net\jodah\failsafe\2.4.4\failsafe-2.4.4.jar;C:\Users\mkorukonda\.m2\repository\org\seleniumhq\selenium\selenium-safari-driver\4.1.2\selenium-safari-driver-4.1.2.jar;C:\Users\mkorukonda\.m2\repository\org\seleniumhq\selenium\selenium-support\4.1.2\selenium-support-4.1.2.jar;C:\Users\mkorukonda\.m2\repository\io\appium\java-client\8.0.0-beta\java-client-8.0.0-beta.jar;C:\Users\mkorukonda\.m2\repository\com\google\code\gson\gson\2.8.9\gson-2.8.9.jar;C:\Users\mkorukonda\.m2\repository\commons-codec\commons-codec\1.15\commons-codec-1.15.jar;C:\Users\mkorukonda\.m2\repository\cglib\cglib\3.3.0\cglib-3.3.0.jar;C:\Users\mkorukonda\.m2\repository\org\ow2\asm\asm\7.1\asm-7.1.jar;C:\Users\mkorukonda\.m2\repository\commons-validator\commons-validator\1.7\commons-validator-1.7.jar;C:\Users\mkorukonda\.m2\repository\commons-beanutils\commons-beanutils\1.9.4\commons-beanutils-1.9.4.jar;C:\Users\mkorukonda\.m2\repository\commons-digester\commons-digester\2.1\commons-digester-2.1.jar;C:\Users\mkorukonda\.m2\repository\commons-logging\commons-logging\1.2\commons-logging-1.2.jar;C:\Users\mkorukonda\.m2\repository\commons-collections\commons-collections\3.2.2\commons-collections-3.2.2.jar;C:\Users\mkorukonda\.m2\repository\org\apache\commons\commons-lang3\3.12.0\commons-lang3-3.12.0.jar;C:\Users\mkorukonda\.m2\repository\org\springframework\spring-context\5.3.12\spring-context-5.3.12.jar;C:\Users\mkorukonda\.m2\repository\org\springframework\spring-aop\5.3.12\spring-aop-5.3.12.jar;C:\Users\mkorukonda\.m2\repository\org\springframework\spring-beans\5.3.12\spring-beans-5.3.12.jar;C:\Users\mkorukonda\.m2\repository\org\springframework\spring-core\5.3.12\spring-core-5.3.12.jar;C:\Users\mkorukonda\.m2\repository\org\springframework\spring-jcl\5.3.12\spring-jcl-5.3.12.jar;C:\Users\mkorukonda\.m2\repository\org\springframework\spring-expression\5.3.12\spring-expression-5.3.12.jar;C:\Users\mkorukonda\.m2\repository\org\aspectj\aspectjweaver\1.9.7\aspectjweaver-1.9.7.jar;C:\Users\mkorukonda\.m2\repository\org\slf4j\slf4j-api\1.7.32\slf4j-api-1.7.32.jar;C:\Users\mkorukonda\.m2\repository\org\testng\testng\7.5\testng-7.5.jar;C:\Users\mkorukonda\.m2\repository\com\google\code\findbugs\jsr305\3.0.1\jsr305-3.0.1.jar;C:\Users\mkorukonda\.m2\repository\com\beust\jcommander\1.78\jcommander-1.78.jar;C:\Users\mkorukonda\.m2\repository\org\webjars\jquery\3.5.1\jquery-3.5.1.jar;C:\Users\mkorukonda\.m2\repository\com\aventstack\extentreports\5.0.9\extentreports-5.0.9.jar;C:\Users\mkorukonda\.m2\repository\io\reactivex\rxjava3\rxjava\3.0.4\rxjava-3.0.4.jar;C:\Users\mkorukonda\.m2\repository\org\reactivestreams\reactive-streams\1.0.3\reactive-streams-1.0.3.jar;C:\Users\mkorukonda\.m2\repository\org\freemarker\freemarker\2.3.30\freemarker-2.3.30.jar;C:\Users\mkorukonda\.m2\repository\org\projectlombok\lombok\1.18.12\lombok-1.18.12.jar;C:\Users\mkorukonda\.m2\repository\io\percy\percy-appium-app\1.1.1\percy-appium-app-1.1.1.jar;C:\Users\mkorukonda\.m2\repository\org\json\json\20220924\json-20220924.jar;C:\Users\mkorukonda\.m2\repository\org\apache\httpcomponents\httpclient\4.5.14\httpclient-4.5.14.jar;C:\Users\mkorukonda\.m2\repository\org\apache\httpcomponents\httpcore\4.4.16\httpcore-4.4.16.jar;C:\Users\mkorukonda\.m2\repository\commons-io\commons-io\2.11.0\commons-io-2.11.0.jar;C:\Users\mkorukonda\.m2\repository\com\googlecode\json-simple\json-simple\1.1.1\json-simple-1.1.1.jar;C:\Users\mkorukonda\.m2\repository\junit\junit\4.10\junit-4.10.jar;C:\Users\mkorukonda\.m2\repository\org\hamcrest\hamcrest-core\1.1\hamcrest-core-1.1.jar;C:\Users\mkorukonda\.m2\repository\com\browserstack\browserstack-java-sdk\1.11.9\browserstack-java-sdk-1.11.9.jar;"/>
    <property name="java.vm.vendor" value="Amazon.com Inc."/>
    <property name="cucumber.execution.parallel.config.fixed.parallelism" value="5"/>
    <property name="sun.arch.data.model" value="64"/>
    <property name="user.variant" value=""/>
    <property name="OBSERVABILITY_BUILD_HASHED_ID" value="f9pzqb9xadnkdcrfajv4y7apebv71ewnbm44jktj"/>
    <property name="java.vendor.url" value="https://aws.amazon.com/corretto/"/>
    <property name="user.timezone" value="Asia/Calcutta"/>
    <property name="cucumber.execution.parallel.enabled" value="true"/>
    <property name="os.name" value="Windows 10"/>
    <property name="java.vm.specification.version" value="1.8"/>
    <property name="junit.jupiter.execution.parallel.config.fixed.max-pool-size" value="5"/>
    <property name="user.country" value="US"/>
    <property name="sun.java.launcher" value="SUN_STANDARD"/>
    <property name="sun.boot.library.path" value="C:\Program Files\Amazon Corretto\jdk1.8.0_252\jre\bin"/>
    <property name="OBSERVABILITY_ALLOW_SCREENSHOTS" value="true"/>
    <property name="sun.java.command" value="C:\Users\MKORUK~1\AppData\Local\Temp\surefire7366820784037153399\surefirebooter4876710085713656387.jar C:\Users\mkorukonda\AppData\Local\Temp\surefire7366820784037153399 2023-11-09T16-14-56_064-jvmRun1 surefire5814409520768145214tmp surefire_03375413131346472846tmp"/>
    <property name="surefire.test.class.path" value="C:\Users\mkorukonda\eclipse-workspace\XMNativeAppProject\target\test-classes;C:\Users\mkorukonda\eclipse-workspace\XMNativeAppProject\target\classes;C:\Users\mkorukonda\.m2\repository\org\seleniumhq\selenium\selenium-java\4.1.2\selenium-java-4.1.2.jar;C:\Users\mkorukonda\.m2\repository\org\seleniumhq\selenium\selenium-api\4.1.2\selenium-api-4.1.2.jar;C:\Users\mkorukonda\.m2\repository\org\seleniumhq\selenium\selenium-chrome-driver\4.1.2\selenium-chrome-driver-4.1.2.jar;C:\Users\mkorukonda\.m2\repository\com\google\auto\service\auto-service-annotations\1.0.1\auto-service-annotations-1.0.1.jar;C:\Users\mkorukonda\.m2\repository\com\google\auto\service\auto-service\1.0.1\auto-service-1.0.1.jar;C:\Users\mkorukonda\.m2\repository\com\google\auto\auto-common\1.2\auto-common-1.2.jar;C:\Users\mkorukonda\.m2\repository\com\google\guava\guava\31.0.1-jre\guava-31.0.1-jre.jar;C:\Users\mkorukonda\.m2\repository\com\google\guava\failureaccess\1.0.1\failureaccess-1.0.1.jar;C:\Users\mkorukonda\.m2\repository\com\google\guava\listenablefuture\9999.0-empty-to-avoid-conflict-with-guava\listenablefuture-9999.0-empty-to-avoid-conflict-with-guava.jar;C:\Users\mkorukonda\.m2\repository\org\checkerframework\checker-qual\3.12.0\checker-qual-3.12.0.jar;C:\Users\mkorukonda\.m2\repository\com\google\errorprone\error_prone_annotations\2.7.1\error_prone_annotations-2.7.1.jar;C:\Users\mkorukonda\.m2\repository\com\google\j2objc\j2objc-annotations\1.3\j2objc-annotations-1.3.jar;C:\Users\mkorukonda\.m2\repository\org\seleniumhq\selenium\selenium-chromium-driver\4.1.2\selenium-chromium-driver-4.1.2.jar;C:\Users\mkorukonda\.m2\repository\org\seleniumhq\selenium\selenium-json\4.1.2\selenium-json-4.1.2.jar;C:\Users\mkorukonda\.m2\repository\org\seleniumhq\selenium\selenium-devtools-v85\4.1.2\selenium-devtools-v85-4.1.2.jar;C:\Users\mkorukonda\.m2\repository\org\seleniumhq\selenium\selenium-devtools-v95\4.1.2\selenium-devtools-v95-4.1.2.jar;C:\Users\mkorukonda\.m2\repository\org\seleniumhq\selenium\selenium-devtools-v96\4.1.2\selenium-devtools-v96-4.1.2.jar;C:\Users\mkorukonda\.m2\repository\org\seleniumhq\selenium\selenium-devtools-v97\4.1.2\selenium-devtools-v97-4.1.2.jar;C:\Users\mkorukonda\.m2\repository\org\seleniumhq\selenium\selenium-edge-driver\4.1.2\selenium-edge-driver-4.1.2.jar;C:\Users\mkorukonda\.m2\repository\org\seleniumhq\selenium\selenium-firefox-driver\4.1.2\selenium-firefox-driver-4.1.2.jar;C:\Users\mkorukonda\.m2\repository\org\seleniumhq\selenium\selenium-firefox-xpi-driver\4.1.2\selenium-firefox-xpi-driver-4.1.2.jar;C:\Users\mkorukonda\.m2\repository\org\seleniumhq\selenium\selenium-ie-driver\4.1.2\selenium-ie-driver-4.1.2.jar;C:\Users\mkorukonda\.m2\repository\org\seleniumhq\selenium\selenium-opera-driver\4.1.2\selenium-opera-driver-4.1.2.jar;C:\Users\mkorukonda\.m2\repository\org\seleniumhq\selenium\selenium-remote-driver\4.1.2\selenium-remote-driver-4.1.2.jar;C:\Users\mkorukonda\.m2\repository\io\netty\netty-buffer\4.1.73.Final\netty-buffer-4.1.73.Final.jar;C:\Users\mkorukonda\.m2\repository\io\netty\netty-codec-http\4.1.73.Final\netty-codec-http-4.1.73.Final.jar;C:\Users\mkorukonda\.m2\repository\io\netty\netty-codec\4.1.73.Final\netty-codec-4.1.73.Final.jar;C:\Users\mkorukonda\.m2\repository\io\netty\netty-handler\4.1.73.Final\netty-handler-4.1.73.Final.jar;C:\Users\mkorukonda\.m2\repository\io\netty\netty-tcnative-classes\2.0.46.Final\netty-tcnative-classes-2.0.46.Final.jar;C:\Users\mkorukonda\.m2\repository\io\netty\netty-common\4.1.73.Final\netty-common-4.1.73.Final.jar;C:\Users\mkorukonda\.m2\repository\io\netty\netty-transport-classes-epoll\4.1.73.Final\netty-transport-classes-epoll-4.1.73.Final.jar;C:\Users\mkorukonda\.m2\repository\io\netty\netty-transport-classes-kqueue\4.1.73.Final\netty-transport-classes-kqueue-4.1.73.Final.jar;C:\Users\mkorukonda\.m2\repository\io\netty\netty-transport-native-epoll\4.1.73.Final\netty-transport-native-epoll-4.1.73.Final.jar;C:\Users\mkorukonda\.m2\repository\io\netty\netty-transport-native-kqueue\4.1.73.Final\netty-transport-native-kqueue-4.1.73.Final.jar;C:\Users\mkorukonda\.m2\repository\io\netty\netty-transport-native-unix-common\4.1.73.Final\netty-transport-native-unix-common-4.1.73.Final.jar;C:\Users\mkorukonda\.m2\repository\io\netty\netty-transport\4.1.73.Final\netty-transport-4.1.73.Final.jar;C:\Users\mkorukonda\.m2\repository\io\netty\netty-resolver\4.1.73.Final\netty-resolver-4.1.73.Final.jar;C:\Users\mkorukonda\.m2\repository\io\opentelemetry\opentelemetry-api\1.10.1\opentelemetry-api-1.10.1.jar;C:\Users\mkorukonda\.m2\repository\io\opentelemetry\opentelemetry-context\1.10.1\opentelemetry-context-1.10.1.jar;C:\Users\mkorukonda\.m2\repository\io\opentelemetry\opentelemetry-exporter-logging\1.10.1\opentelemetry-exporter-logging-1.10.1.jar;C:\Users\mkorukonda\.m2\repository\io\opentelemetry\opentelemetry-sdk-metrics\1.10.1-alpha\opentelemetry-sdk-metrics-1.10.1-alpha.jar;C:\Users\mkorukonda\.m2\repository\io\opentelemetry\opentelemetry-sdk-logs\1.10.1-alpha\opentelemetry-sdk-logs-1.10.1-alpha.jar;C:\Users\mkorukonda\.m2\repository\io\opentelemetry\opentelemetry-sdk-common\1.10.1\opentelemetry-sdk-common-1.10.1.jar;C:\Users\mkorukonda\.m2\repository\io\opentelemetry\opentelemetry-sdk-extension-autoconfigure-spi\1.10.1\opentelemetry-sdk-extension-autoconfigure-spi-1.10.1.jar;C:\Users\mkorukonda\.m2\repository\io\opentelemetry\opentelemetry-sdk-extension-autoconfigure\1.10.1-alpha\opentelemetry-sdk-extension-autoconfigure-1.10.1-alpha.jar;C:\Users\mkorukonda\.m2\repository\io\opentelemetry\opentelemetry-sdk-trace\1.10.1\opentelemetry-sdk-trace-1.10.1.jar;C:\Users\mkorukonda\.m2\repository\io\opentelemetry\opentelemetry-sdk\1.10.1\opentelemetry-sdk-1.10.1.jar;C:\Users\mkorukonda\.m2\repository\io\opentelemetry\opentelemetry-semconv\1.10.1-alpha\opentelemetry-semconv-1.10.1-alpha.jar;C:\Users\mkorukonda\.m2\repository\io\ous\jtoml\2.0.0\jtoml-2.0.0.jar;C:\Users\mkorukonda\.m2\repository\net\bytebuddy\byte-buddy\1.12.7\byte-buddy-1.12.7.jar;C:\Users\mkorukonda\.m2\repository\org\apache\commons\commons-exec\1.3\commons-exec-1.3.jar;C:\Users\mkorukonda\.m2\repository\org\asynchttpclient\async-http-client\2.12.3\async-http-client-2.12.3.jar;C:\Users\mkorukonda\.m2\repository\org\asynchttpclient\async-http-client-netty-utils\2.12.3\async-http-client-netty-utils-2.12.3.jar;C:\Users\mkorukonda\.m2\repository\io\netty\netty-codec-socks\4.1.60.Final\netty-codec-socks-4.1.60.Final.jar;C:\Users\mkorukonda\.m2\repository\io\netty\netty-handler-proxy\4.1.60.Final\netty-handler-proxy-4.1.60.Final.jar;C:\Users\mkorukonda\.m2\repository\io\netty\netty-transport-native-epoll\4.1.60.Final\netty-transport-native-epoll-4.1.60.Final-linux-x86_64.jar;C:\Users\mkorukonda\.m2\repository\io\netty\netty-transport-native-kqueue\4.1.60.Final\netty-transport-native-kqueue-4.1.60.Final-osx-x86_64.jar;C:\Users\mkorukonda\.m2\repository\com\typesafe\netty\netty-reactive-streams\2.0.4\netty-reactive-streams-2.0.4.jar;C:\Users\mkorukonda\.m2\repository\com\sun\activation\jakarta.activation\1.2.2\jakarta.activation-1.2.2.jar;C:\Users\mkorukonda\.m2\repository\org\seleniumhq\selenium\selenium-http\4.1.2\selenium-http-4.1.2.jar;C:\Users\mkorukonda\.m2\repository\net\jodah\failsafe\2.4.4\failsafe-2.4.4.jar;C:\Users\mkorukonda\.m2\repository\org\seleniumhq\selenium\selenium-safari-driver\4.1.2\selenium-safari-driver-4.1.2.jar;C:\Users\mkorukonda\.m2\repository\org\seleniumhq\selenium\selenium-support\4.1.2\selenium-support-4.1.2.jar;C:\Users\mkorukonda\.m2\repository\io\appium\java-client\8.0.0-beta\java-client-8.0.0-beta.jar;C:\Users\mkorukonda\.m2\repository\com\google\code\gson\gson\2.8.9\gson-2.8.9.jar;C:\Users\mkorukonda\.m2\repository\commons-codec\commons-codec\1.15\commons-codec-1.15.jar;C:\Users\mkorukonda\.m2\repository\cglib\cglib\3.3.0\cglib-3.3.0.jar;C:\Users\mkorukonda\.m2\repository\org\ow2\asm\asm\7.1\asm-7.1.jar;C:\Users\mkorukonda\.m2\repository\commons-validator\commons-validator\1.7\commons-validator-1.7.jar;C:\Users\mkorukonda\.m2\repository\commons-beanutils\commons-beanutils\1.9.4\commons-beanutils-1.9.4.jar;C:\Users\mkorukonda\.m2\repository\commons-digester\commons-digester\2.1\commons-digester-2.1.jar;C:\Users\mkorukonda\.m2\repository\commons-logging\commons-logging\1.2\commons-logging-1.2.jar;C:\Users\mkorukonda\.m2\repository\commons-collections\commons-collections\3.2.2\commons-collections-3.2.2.jar;C:\Users\mkorukonda\.m2\repository\org\apache\commons\commons-lang3\3.12.0\commons-lang3-3.12.0.jar;C:\Users\mkorukonda\.m2\repository\org\springframework\spring-context\5.3.12\spring-context-5.3.12.jar;C:\Users\mkorukonda\.m2\repository\org\springframework\spring-aop\5.3.12\spring-aop-5.3.12.jar;C:\Users\mkorukonda\.m2\repository\org\springframework\spring-beans\5.3.12\spring-beans-5.3.12.jar;C:\Users\mkorukonda\.m2\repository\org\springframework\spring-core\5.3.12\spring-core-5.3.12.jar;C:\Users\mkorukonda\.m2\repository\org\springframework\spring-jcl\5.3.12\spring-jcl-5.3.12.jar;C:\Users\mkorukonda\.m2\repository\org\springframework\spring-expression\5.3.12\spring-expression-5.3.12.jar;C:\Users\mkorukonda\.m2\repository\org\aspectj\aspectjweaver\1.9.7\aspectjweaver-1.9.7.jar;C:\Users\mkorukonda\.m2\repository\org\slf4j\slf4j-api\1.7.32\slf4j-api-1.7.32.jar;C:\Users\mkorukonda\.m2\repository\org\testng\testng\7.5\testng-7.5.jar;C:\Users\mkorukonda\.m2\repository\com\google\code\findbugs\jsr305\3.0.1\jsr305-3.0.1.jar;C:\Users\mkorukonda\.m2\repository\com\beust\jcommander\1.78\jcommander-1.78.jar;C:\Users\mkorukonda\.m2\repository\org\webjars\jquery\3.5.1\jquery-3.5.1.jar;C:\Users\mkorukonda\.m2\repository\com\aventstack\extentreports\5.0.9\extentreports-5.0.9.jar;C:\Users\mkorukonda\.m2\repository\io\reactivex\rxjava3\rxjava\3.0.4\rxjava-3.0.4.jar;C:\Users\mkorukonda\.m2\repository\org\reactivestreams\reactive-streams\1.0.3\reactive-streams-1.0.3.jar;C:\Users\mkorukonda\.m2\repository\org\freemarker\freemarker\2.3.30\freemarker-2.3.30.jar;C:\Users\mkorukonda\.m2\repository\org\projectlombok\lombok\1.18.12\lombok-1.18.12.jar;C:\Users\mkorukonda\.m2\repository\io\percy\percy-appium-app\1.1.1\percy-appium-app-1.1.1.jar;C:\Users\mkorukonda\.m2\repository\org\json\json\20220924\json-20220924.jar;C:\Users\mkorukonda\.m2\repository\org\apache\httpcomponents\httpclient\4.5.14\httpclient-4.5.14.jar;C:\Users\mkorukonda\.m2\repository\org\apache\httpcomponents\httpcore\4.4.16\httpcore-4.4.16.jar;C:\Users\mkorukonda\.m2\repository\commons-io\commons-io\2.11.0\commons-io-2.11.0.jar;C:\Users\mkorukonda\.m2\repository\com\googlecode\json-simple\json-simple\1.1.1\json-simple-1.1.1.jar;C:\Users\mkorukonda\.m2\repository\junit\junit\4.10\junit-4.10.jar;C:\Users\mkorukonda\.m2\repository\org\hamcrest\hamcrest-core\1.1\hamcrest-core-1.1.jar;C:\Users\mkorukonda\.m2\repository\com\browserstack\browserstack-java-sdk\1.11.9\browserstack-java-sdk-1.11.9.jar;"/>
    <property name="sun.cpu.endian" value="little"/>
    <property name="user.home" value="C:\Users\mkorukonda"/>
    <property name="user.language" value="en"/>
    <property name="java.specification.vendor" value="Oracle Corporation"/>
    <property name="java.home" value="C:\Program Files\Amazon Corretto\jdk1.8.0_252\jre"/>
    <property name="junit.jupiter.execution.parallel.mode.default" value="same_thread"/>
    <property name="basedir" value="C:\Users\mkorukonda\eclipse-workspace\XMNativeAppProject"/>
    <property name="file.separator" value="\"/>
    <property name="line.separator" value="&#10;"/>
    <property name="java.vm.specification.vendor" value="Oracle Corporation"/>
    <property name="java.specification.name" value="Java Platform API Specification"/>
    <property name="java.awt.graphicsenv" value="sun.awt.Win32GraphicsEnvironment"/>
    <property name="surefire.real.class.path" value="C:\Users\MKORUK~1\AppData\Local\Temp\surefire7366820784037153399\surefirebooter4876710085713656387.jar;C:\Users\mkorukonda\.m2\repository\com\browserstack\browserstack-java-sdk\1.11.9\browserstack-java-sdk-1.11.9.jar"/>
    <property name="sun.boot.class.path" value="C:\Program Files\Amazon Corretto\jdk1.8.0_252\jre\lib\resources.jar;C:\Program Files\Amazon Corretto\jdk1.8.0_252\jre\lib\rt.jar;C:\Program Files\Amazon Corretto\jdk1.8.0_252\jre\lib\sunrsasign.jar;C:\Program Files\Amazon Corretto\jdk1.8.0_252\jre\lib\jsse.jar;C:\Program Files\Amazon Corretto\jdk1.8.0_252\jre\lib\jce.jar;C:\Program Files\Amazon Corretto\jdk1.8.0_252\jre\lib\charsets.jar;C:\Program Files\Amazon Corretto\jdk1.8.0_252\jre\lib\jfr.jar;C:\Program Files\Amazon Corretto\jdk1.8.0_252\jre\classes"/>
    <property name="user.script" value=""/>
    <property name="sun.management.compiler" value="HotSpot 64-Bit Tiered Compilers"/>
    <property name="java.runtime.version" value="1.8.0_252-b09"/>
    <property name="user.name" value="mkorukonda"/>
    <property name="path.separator" value=";"/>
    <property name="os.version" value="10.0"/>
    <property name="java.endorsed.dirs" value="C:\Program Files\Amazon Corretto\jdk1.8.0_252\jre\lib\endorsed"/>
    <property name="java.runtime.name" value="OpenJDK Runtime Environment"/>
    <property name="junit.jupiter.execution.parallel.mode.classes.default" value="concurrent"/>
    <property name="file.encoding" value="Cp1252"/>
    <property name="junit.jupiter.execution.parallel.config.strategy" value="fixed"/>
    <property name="java.vm.name" value="OpenJDK 64-Bit Server VM"/>
    <property name="junit.jupiter.execution.parallel.enabled" value="true"/>
    <property name="localRepository" value="C:\Users\mkorukonda\.m2\repository"/>
    <property name="java.vendor.url.bug" value="https://github.com/corretto/corretto-8/issues/"/>
    <property name="java.io.tmpdir" value="C:\Users\MKORUK~1\AppData\Local\Temp\"/>
    <property name="java.version" value="1.8.0_252"/>
    <property name="user.dir" value="C:\Users\mkorukonda\eclipse-workspace\XMNativeAppProject"/>
    <property name="os.arch" value="amd64"/>
    <property name="java.vm.specification.name" value="Java Virtual Machine Specification"/>
    <property name="java.awt.printerjob" value="sun.awt.windows.WPrinterJob"/>
    <property name="OBSERVABILITY_JWT" value="eyJhbGciOiJIUzI1NiJ9.eyJpc3MiOiJicm93c2Vyc3RhY2tfb2IiLCJzdWIiOiI3MTYxNTEzIiwiZ3JvdXBfaWQiOjcwNjkyNjEsInVzZXJfaWQiOjcxNjE1MTMsImJ1aWxkX2hhc2hlZF9pZCI6ImY5cHpxYjl4YWRua2RjcmZhanY0eTdhcGVidjcxZXduYm00NGprdGoiLCJwcm9qZWN0X25hbWUiOiJCcm93c2VyU3RhY2sgU2FtcGxlIiwiaG9va19hc190ZXN0IjoiMSIsImlhdCI6MTY5OTUyNjcwNiwiZXhwIjoxNjk5ODcyMzA2fQ.UCpdmeCgz8ej4IfGXowjqe6oACucVJYXZkaS7Qi0Pew"/>
    <property name="sun.os.patch.level" value=""/>
    <property name="java.library.path" value="C:\Program Files\Amazon Corretto\jdk1.8.0_252\jre\bin;C:\WINDOWS\Sun\Java\bin;C:\WINDOWS\system32;C:\WINDOWS;C:\Users\mkorukonda\eclipse-workspace\XMNativeAppProject\node_modules\.bin;C:\Users\mkorukonda\eclipse-workspace\node_modules\.bin;C:\Users\mkorukonda\node_modules\.bin;C:\Users\node_modules\.bin;C:\node_modules\.bin;C:\Program Files\nodejs\node_modules\npm\node_modules\@npmcli\run-script\lib\node-gyp-bin;C:\Users\mkorukonda\node_modules\.bin;C:/Eclipse/eclipse//plugins/org.eclipse.justj.openjdk.hotspot.jre.full.win32.x86_64_17.0.1.v20211116-1657/jre/bin/server;C:/Eclipse/eclipse//plugins/org.eclipse.justj.openjdk.hotspot.jre.full.win32.x86_64_17.0.1.v20211116-1657/jre/bin;C:\Program Files\Amazon Corretto\jdk1.8.0_252\bin;C:\WINDOWS\system32;C:\WINDOWS;C:\WINDOWS\System32\Wbem;C:\WINDOWS\System32\WindowsPowerShell\v1.0\;C:\WINDOWS\System32\OpenSSH\;C:\Program Files\TortoiseSVN\bin;C:\Program Files\nodejs\;C:\Users\mkorukonda\Desktop\android-sdk\cmdline-tools\bin\path-to-where-cmdline-tools-is\platform-tools;C:\Users\mkorukonda\Desktop\android-sdk\cmdline-tools\bin\path-to-where-cmdline-tools-is\build-tools\31.0.0\lib;C:\Users\mkorukonda\Desktop\android-sdk\cmdline-tools\bin\path-to-where-cmdline-tools-is\tools\bin;C:\Program Files (x86)\dotnet\;C:\Program Files (x86)\Microsoft SQL Server\150\DTS\Binn\;C:\Program Files\Azure Data Studio\bin;C:\Program Files\Microsoft SQL Server\Client SDK\ODBC\170\Tools\Binn\;C:\Program Files (x86)\Microsoft SQL Server\150\Tools\Binn\;C:\Program Files\Microsoft SQL Server\150\Tools\Binn\;C:\Program Files\Microsoft SQL Server\150\DTS\Binn\;C:\Program Files (x86)\Microsoft SQL Server\160\DTS\Binn\;C:\Users\mkorukonda\Downloads\apache-maven-3.9.2-bin\apache-maven-3.9.2\bin;C:\Program Files\Git\cmd;C:\Users\mkorukonda\AppData\Local\Microsoft\WindowsApps;C:\Users\mkorukonda\AppData\Roaming\npm;C:\Users\mkorukonda\AppData\Local\GitHubDesktop\bin;C:\Users\mkorukonda\AppData\Local\Programs\Microsoft VS Code\bin;;C:\Program Files\Azure Data Studio\bin;C:\Eclipse\eclipse;;."/>
    <property name="junit.jupiter.execution.parallel.config.fixed.parallelism" value="5"/>
    <property name="java.vm.info" value="mixed mode"/>
    <property name="java.vendor" value="Amazon.com Inc."/>
    <property name="java.vm.version" value="25.252-b09"/>
    <property name="cucumber.execution.execution-mode.feature" value="same_thread"/>
    <property name="cucumber.execution.parallel.config.strategy" value="fixed"/>
    <property name="java.ext.dirs" value="C:\Program Files\Amazon Corretto\jdk1.8.0_252\jre\lib\ext;C:\WINDOWS\Sun\Java\lib\ext"/>
    <property name="sun.io.unicode.encoding" value="UnicodeLittle"/>
    <property name="java.class.version" value="52.0"/>
  </properties>
  <testcase name="dotest" classname="tests.CreateExpense" time="22.597"/>
  <testcase name="dotest" classname="tests.CreateExpense" time="25.807"/>
  <testcase name="dotest" classname="tests.CreateExpense" time="26.216"/>
  <testcase name="dotest" classname="tests.CreateExpense" time="62.747"/>
  <testcase name="dotest" classname="tests.CreateExpense" time="139.326">
    <failure message="Expected condition failed: waiting for visibility of element located by By.id: com.infor.hl.xm.dev:id/user_profile_img (tried for 120 second(s) with 500 milliseconds interval)&#10;Build info: version: &apos;4.1.2&apos;, revision: &apos;9a5a329c5a&apos;&#10;System info: host: &apos;INHYNMKORUKON01&apos;, ip: &apos;192.168.0.103&apos;, os.name: &apos;Windows 10&apos;, os.arch: &apos;amd64&apos;, os.version: &apos;10.0&apos;, java.version: &apos;1.8.0_252&apos;&#10;Driver info: io.appium.java_client.AppiumDriver&#10;Capabilities {appium:appActivity: com.infor.hl.xm.ui.navigati..., appium:appPackage: com.infor.hl.xm.dev, appium:automationName: uiautomator2, appium:chromedriverPort: 8083, appium:chromedriverPorts: [[18133, 18143]], appium:databaseEnabled: false, appium:desired: {appActivity: com.infor.hl.xm.ui.navigati..., appPackage: com.infor.hl.xm.dev, automationName: uiautomator2, bstack:options: {appiumVersion: 1.17.0, buildIdentifier: #67, hostName: INHYNMKORUKON01, localIdentifier: 09_11_1614_INHYNMKORUKON01_...}, chromedriverPort: 8083, chromedriverPorts: [[18133, 18143]], deviceName: Android, disableSuppressAccessibilityService: true, goog:chromeOptions: {}, nativeWebScreenshot: true, newCommandTimeout: 0, platformName: Android, skipServerInstallation: true, systemPort: 8203, udid: RZCRC0B2WHM}, appium:deviceApiLevel: 30, appium:deviceManufacturer: samsung, appium:deviceModel: SM-M326B, appium:deviceName: RZCRC0B2WHM, appium:deviceScreenDensity: 300, appium:deviceScreenSize: 720x1600, appium:deviceUDID: RZCRC0B2WHM, appium:disableSuppressAccessibilityService: true, appium:javascriptEnabled: true, appium:locationContextEnabled: false, appium:nativeWebScreenshot: true, appium:networkConnectionEnabled: true, appium:newCommandTimeout: 0, appium:optimalHubUrl: hub-aps.browserstack.com, appium:pixelRatio: 1.875, appium:platformVersion: 11, appium:skipServerInstallation: true, appium:statBarHeight: 45, appium:systemPort: 8203, appium:takesScreenshot: true, appium:udid: RZCRC0B2WHM, appium:viewportRect: {height: 1420, left: 0, top: 45, width: 720}, appium:warnings: {}, appium:webStorageEnabled: false, bstack:options: {appiumVersion: 1.17.0, buildIdentifier: #67, hostName: INHYNMKORUKON01, localIdentifier: 09_11_1614_INHYNMKORUKON01_...}, goog:chromeOptions: {}, platformName: Android}&#10;Session ID: a62053e7066f138210578678c40c0f91addc72ea" type="org.openqa.selenium.TimeoutException">org.openqa.selenium.TimeoutException: 
Expected condition failed: waiting for visibility of element located by By.id: com.infor.hl.xm.dev:id/user_profile_img (tried for 120 second(s) with 500 milliseconds interval)
Build info: version: '4.1.2', revision: '9a5a329c5a'
System info: host: 'INHYNMKORUKON01', ip: '192.168.0.103', os.name: 'Windows 10', os.arch: 'amd64', os.version: '10.0', java.version: '1.8.0_252'
Driver info: io.appium.java_client.AppiumDriver
Capabilities {appium:appActivity: com.infor.hl.xm.ui.navigati..., appium:appPackage: com.infor.hl.xm.dev, appium:automationName: uiautomator2, appium:chromedriverPort: 8083, appium:chromedriverPorts: [[18133, 18143]], appium:databaseEnabled: false, appium:desired: {appActivity: com.infor.hl.xm.ui.navigati..., appPackage: com.infor.hl.xm.dev, automationName: uiautomator2, bstack:options: {appiumVersion: 1.17.0, buildIdentifier: #67, hostName: INHYNMKORUKON01, localIdentifier: 09_11_1614_INHYNMKORUKON01_...}, chromedriverPort: 8083, chromedriverPorts: [[18133, 18143]], deviceName: Android, disableSuppressAccessibilityService: true, goog:chromeOptions: {}, nativeWebScreenshot: true, newCommandTimeout: 0, platformName: Android, skipServerInstallation: true, systemPort: 8203, udid: RZCRC0B2WHM}, appium:deviceApiLevel: 30, appium:deviceManufacturer: samsung, appium:deviceModel: SM-M326B, appium:deviceName: RZCRC0B2WHM, appium:deviceScreenDensity: 300, appium:deviceScreenSize: 720x1600, appium:deviceUDID: RZCRC0B2WHM, appium:disableSuppressAccessibilityService: true, appium:javascriptEnabled: true, appium:locationContextEnabled: false, appium:nativeWebScreenshot: true, appium:networkConnectionEnabled: true, appium:newCommandTimeout: 0, appium:optimalHubUrl: hub-aps.browserstack.com, appium:pixelRatio: 1.875, appium:platformVersion: 11, appium:skipServerInstallation: true, appium:statBarHeight: 45, appium:systemPort: 8203, appium:takesScreenshot: true, appium:udid: RZCRC0B2WHM, appium:viewportRect: {height: 1420, left: 0, top: 45, width: 720}, appium:warnings: {}, appium:webStorageEnabled: false, bstack:options: {appiumVersion: 1.17.0, buildIdentifier: #67, hostName: INHYNMKORUKON01, localIdentifier: 09_11_1614_INHYNMKORUKON01_...}, goog:chromeOptions: {}, platformName: Android}
Session ID: a62053e7066f138210578678c40c0f91addc72ea
	at tests.CreateExpense.dotest(CreateExpense.java:92)
</failure>
  </testcase>
</testsuite>